<?xml version="1.0" encoding="UTF-8"?>
<!-- Generated by org.testng.reporters.JUnitReportReporter -->
<testsuite hostname="LAPTOP-LCQN9KEA" failures="0" tests="1" name="com.translate.testPages.lanchktest" time="55.978" errors="0" timestamp="2022-10-10T10:49:19 CDT" skipped="0">
  <testcase classname="com.translate.testPages.lanchktest" name="googletrans" time="55.978"/>
  <system-out/>
</testsuite> <!-- com.translate.testPages.lanchktest -->
