<?xml version="1.0" encoding="UTF-8"?>
<!-- Generated by org.testng.reporters.JUnitReportReporter -->
<testsuite hostname="LAPTOP-LCQN9KEA" failures="0" tests="1" name="test" time="3.357" errors="0" timestamp="2022-10-06T18:58:34 CDT" skipped="0">
  <testcase classname="test" name="googletrans" time="3.357"/>
  <system-out/>
</testsuite> <!-- test -->
