<?xml version="1.0" encoding="UTF-8"?>
<!-- Generated by org.testng.reporters.JUnitReportReporter -->
<testsuite hostname="LAPTOP-LCQN9KEA" failures="0" tests="1" name="com.translate.testPages.languageCheckTest" time="47.031" errors="0" timestamp="2022-10-10T13:14:07 CDT" skipped="0">
  <testcase classname="com.translate.testPages.languageCheckTest" name="googleTranslate" time="47.031"/>
  <system-out/>
</testsuite> <!-- com.translate.testPages.languageCheckTest -->
